{"level":"info","message":"Hello from acquisitions!","service":"acquisitions-api","timestamp":"2026-06-22T10:29:06.124Z"}
{"level":"info","message":"::1 - - [22/Jun/2026:10:29:06 +0000] \"GET / HTTP/1.1\" 304 - \"-\" \"Mozilla/5.0 (Windows NT 10.0; Win64; x64) AppleWebKit/537.36 (KHTML, like Gecko) Code/1.125.1 Chrome/148.0.7778.97 Electron/42.2.0 Safari/537.36\"","service":"acquisitions-api","timestamp":"2026-06-22T10:29:06.134Z"}
{"level":"info","message":"Hello from acquisitions!","service":"acquisitions-api","timestamp":"2026-06-22T10:50:00.257Z"}
{"level":"info","message":"::1 - - [22/Jun/2026:10:50:00 +0000] \"GET / HTTP/1.1\" 304 - \"-\" \"Mozilla/5.0 (Windows NT 10.0; Win64; x64) AppleWebKit/537.36 (KHTML, like Gecko) Code/1.125.1 Chrome/148.0.7778.97 Electron/42.2.0 Safari/537.36\"","service":"acquisitions-api","timestamp":"2026-06-22T10:50:00.269Z"}
{"level":"info","message":"Hello from acquisitions!","service":"acquisitions-api","timestamp":"2026-06-22T11:47:10.859Z"}
{"level":"info","message":"::1 - - [22/Jun/2026:11:47:10 +0000] \"GET / HTTP/1.1\" 200 24 \"-\" \"HTTPie\"","service":"acquisitions-api","timestamp":"2026-06-22T11:47:10.862Z"}
{"level":"info","message":"Hello from acquisitions!","service":"acquisitions-api","timestamp":"2026-06-22T11:47:41.014Z"}
{"level":"info","message":"::1 - - [22/Jun/2026:11:47:41 +0000] \"GET / HTTP/1.1\" 200 24 \"-\" \"HTTPie\"","service":"acquisitions-api","timestamp":"2026-06-22T11:47:41.016Z"}
{"level":"info","message":"Hello from acquisitions!","service":"acquisitions-api","timestamp":"2026-06-22T11:48:48.343Z"}
{"level":"info","message":"::1 - - [22/Jun/2026:11:48:48 +0000] \"GET / HTTP/1.1\" 200 24 \"-\" \"HTTPie\"","service":"acquisitions-api","timestamp":"2026-06-22T11:48:48.345Z"}
{"level":"info","message":"Hello from acquisitions!","service":"acquisitions-api","timestamp":"2026-06-22T11:48:49.606Z"}
{"level":"info","message":"::1 - - [22/Jun/2026:11:48:49 +0000] \"GET / HTTP/1.1\" 200 24 \"-\" \"HTTPie\"","service":"acquisitions-api","timestamp":"2026-06-22T11:48:49.608Z"}
{"level":"info","message":"Hello from acquisitions!","service":"acquisitions-api","timestamp":"2026-06-22T11:59:13.119Z"}
{"level":"info","message":"::1 - - [22/Jun/2026:11:59:13 +0000] \"GET / HTTP/1.1\" 200 24 \"-\" \"HTTPie\"","service":"acquisitions-api","timestamp":"2026-06-22T11:59:13.121Z"}
{"level":"info","message":"Hello from acquisitions!","service":"acquisitions-api","timestamp":"2026-06-22T11:59:14.180Z"}
{"level":"info","message":"::1 - - [22/Jun/2026:11:59:14 +0000] \"GET / HTTP/1.1\" 200 24 \"-\" \"HTTPie\"","service":"acquisitions-api","timestamp":"2026-06-22T11:59:14.192Z"}
{"level":"info","message":"::1 - - [22/Jun/2026:12:00:12 +0000] \"GET /api HTTP/1.1\" 200 42 \"-\" \"HTTPie\"","service":"acquisitions-api","timestamp":"2026-06-22T12:00:12.507Z"}
{"level":"info","message":"::1 - - [22/Jun/2026:12:00:18 +0000] \"GET /health HTTP/1.1\" 200 76 \"-\" \"HTTPie\"","service":"acquisitions-api","timestamp":"2026-06-22T12:00:18.097Z"}
{"level":"info","message":"Hello from acquisitions!","service":"acquisitions-api","timestamp":"2026-06-23T07:50:15.720Z"}
{"level":"info","message":"::1 - - [23/Jun/2026:07:50:15 +0000] \"GET / HTTP/1.1\" 304 - \"-\" \"Mozilla/5.0 (Windows NT 10.0; Win64; x64) AppleWebKit/537.36 (KHTML, like Gecko) Code/1.125.1 Chrome/148.0.7778.97 Electron/42.2.0 Safari/537.36\"","service":"acquisitions-api","timestamp":"2026-06-23T07:50:15.753Z"}
{"level":"info","message":"::1 - - [23/Jun/2026:07:50:21 +0000] \"POST /api/auth/sign-up HTTP/1.1\" 404 156 \"-\" \"HTTPie\"","service":"acquisitions-api","timestamp":"2026-06-23T07:50:21.147Z"}
{"level":"info","message":"::1 - - [23/Jun/2026:07:50:22 +0000] \"POST /api/auth/sign-up HTTP/1.1\" 404 156 \"-\" \"HTTPie\"","service":"acquisitions-api","timestamp":"2026-06-23T07:50:22.099Z"}
{"level":"info","message":"::1 - - [23/Jun/2026:07:50:22 +0000] \"POST /api/auth/sign-up HTTP/1.1\" 404 156 \"-\" \"HTTPie\"","service":"acquisitions-api","timestamp":"2026-06-23T07:50:22.361Z"}
{"level":"info","message":"::1 - - [23/Jun/2026:07:50:29 +0000] \"POST /api/auth/sign-in HTTP/1.1\" 200 31 \"-\" \"HTTPie\"","service":"acquisitions-api","timestamp":"2026-06-23T07:50:29.008Z"}
{"level":"info","message":"::1 - - [23/Jun/2026:07:50:34 +0000] \"POST /api/auth/sign-up HTTP/1.1\" 404 156 \"-\" \"HTTPie\"","service":"acquisitions-api","timestamp":"2026-06-23T07:50:34.585Z"}
{"level":"info","message":"::1 - - [23/Jun/2026:07:56:25 +0000] \"GET /api/auth/sing-up HTTP/1.1\" 404 155 \"-\" \"Mozilla/5.0 (Windows NT 10.0; Win64; x64) AppleWebKit/537.36 (KHTML, like Gecko) Code/1.125.1 Chrome/148.0.7778.97 Electron/42.2.0 Safari/537.36\"","service":"acquisitions-api","timestamp":"2026-06-23T07:56:25.007Z"}
{"level":"info","message":"::1 - - [23/Jun/2026:07:56:34 +0000] \"GET /api/auth/sing-in HTTP/1.1\" 404 155 \"-\" \"Mozilla/5.0 (Windows NT 10.0; Win64; x64) AppleWebKit/537.36 (KHTML, like Gecko) Code/1.125.1 Chrome/148.0.7778.97 Electron/42.2.0 Safari/537.36\"","service":"acquisitions-api","timestamp":"2026-06-23T07:56:34.258Z"}
{"level":"error","message":"Signup error:  signupSchema is not defined","service":"acquisitions-api","stack":"ReferenceError: signupSchema is not defined\n    at signup (file:///C:/Users/ssweid/WebstormProjects/acquisitions/src/controllers/auth.controller.js:5:34)\n    at Layer.handleRequest (C:\\Users\\ssweid\\WebstormProjects\\acquisitions\\node_modules\\router\\lib\\layer.js:152:17)\n    at next (C:\\Users\\ssweid\\WebstormProjects\\acquisitions\\node_modules\\router\\lib\\route.js:157:13)\n    at Route.dispatch (C:\\Users\\ssweid\\WebstormProjects\\acquisitions\\node_modules\\router\\lib\\route.js:117:3)\n    at handle (C:\\Users\\ssweid\\WebstormProjects\\acquisitions\\node_modules\\router\\index.js:435:11)\n    at Layer.handleRequest (C:\\Users\\ssweid\\WebstormProjects\\acquisitions\\node_modules\\router\\lib\\layer.js:152:17)\n    at C:\\Users\\ssweid\\WebstormProjects\\acquisitions\\node_modules\\router\\index.js:295:15\n    at processParams (C:\\Users\\ssweid\\WebstormProjects\\acquisitions\\node_modules\\router\\index.js:582:12)\n    at next (C:\\Users\\ssweid\\WebstormProjects\\acquisitions\\node_modules\\router\\index.js:291:5)\n    at router.handle (C:\\Users\\ssweid\\WebstormProjects\\acquisitions\\node_modules\\router\\index.js:186:3)","timestamp":"2026-06-23T09:08:55.587Z"}
{"level":"info","message":"::1 - - [23/Jun/2026:09:08:55 +0000] \"POST /api/auth/sign-up HTTP/1.1\" 500 1340 \"-\" \"HTTPie\"","service":"acquisitions-api","timestamp":"2026-06-23T09:08:55.598Z"}
{"level":"error","message":"Signup error:  signupSchema is not defined","service":"acquisitions-api","stack":"ReferenceError: signupSchema is not defined\n    at signup (file:///C:/Users/ssweid/WebstormProjects/acquisitions/src/controllers/auth.controller.js:5:34)\n    at Layer.handleRequest (C:\\Users\\ssweid\\WebstormProjects\\acquisitions\\node_modules\\router\\lib\\layer.js:152:17)\n    at next (C:\\Users\\ssweid\\WebstormProjects\\acquisitions\\node_modules\\router\\lib\\route.js:157:13)\n    at Route.dispatch (C:\\Users\\ssweid\\WebstormProjects\\acquisitions\\node_modules\\router\\lib\\route.js:117:3)\n    at handle (C:\\Users\\ssweid\\WebstormProjects\\acquisitions\\node_modules\\router\\index.js:435:11)\n    at Layer.handleRequest (C:\\Users\\ssweid\\WebstormProjects\\acquisitions\\node_modules\\router\\lib\\layer.js:152:17)\n    at C:\\Users\\ssweid\\WebstormProjects\\acquisitions\\node_modules\\router\\index.js:295:15\n    at processParams (C:\\Users\\ssweid\\WebstormProjects\\acquisitions\\node_modules\\router\\index.js:582:12)\n    at next (C:\\Users\\ssweid\\WebstormProjects\\acquisitions\\node_modules\\router\\index.js:291:5)\n    at router.handle (C:\\Users\\ssweid\\WebstormProjects\\acquisitions\\node_modules\\router\\index.js:186:3)","timestamp":"2026-06-23T09:09:01.239Z"}
{"level":"info","message":"::1 - - [23/Jun/2026:09:09:01 +0000] \"POST /api/auth/sign-up HTTP/1.1\" 500 1340 \"-\" \"HTTPie\"","service":"acquisitions-api","timestamp":"2026-06-23T09:09:01.245Z"}
{"level":"info","message":"User registered successfully: john@example.com","service":"acquisitions-api","timestamp":"2026-06-23T09:12:21.410Z"}
{"level":"info","message":"::1 - - [23/Jun/2026:09:12:21 +0000] \"POST /api/auth/sign-up HTTP/1.1\" 201 77 \"-\" \"Mozilla/5.0 (Windows NT; Windows NT 10.0; en-US) WindowsPowerShell/5.1.22000.2538\"","service":"acquisitions-api","timestamp":"2026-06-23T09:12:21.422Z"}
{"level":"info","message":"Hello from acquisitions!","service":"acquisitions-api","timestamp":"2026-06-23T09:12:57.830Z"}
{"level":"info","message":"::1 - - [23/Jun/2026:09:12:57 +0000] \"GET / HTTP/1.1\" 304 - \"-\" \"Mozilla/5.0 (Windows NT 10.0; Win64; x64) AppleWebKit/537.36 (KHTML, like Gecko) Code/1.125.1 Chrome/148.0.7778.97 Electron/42.2.0 Safari/537.36\"","service":"acquisitions-api","timestamp":"2026-06-23T09:12:57.841Z"}
{"level":"info","message":"::1 - - [23/Jun/2026:09:13:03 +0000] \"POST /api/auth/sign-up HTTP/1.1\" 400 92 \"-\" \"HTTPie\"","service":"acquisitions-api","timestamp":"2026-06-23T09:13:03.424Z"}
{"level":"info","message":"::1 - - [23/Jun/2026:09:13:04 +0000] \"POST /api/auth/sign-up HTTP/1.1\" 400 92 \"-\" \"HTTPie\"","service":"acquisitions-api","timestamp":"2026-06-23T09:13:04.809Z"}
{"level":"info","message":"::1 - - [23/Jun/2026:09:14:52 +0000] \"POST /api/auth/sign-up HTTP/1.1\" 400 144 \"-\" \"HTTPie\"","service":"acquisitions-api","timestamp":"2026-06-23T09:14:52.473Z"}
{"level":"info","message":"::1 - - [23/Jun/2026:09:14:55 +0000] \"POST /api/auth/sign-up HTTP/1.1\" 400 144 \"-\" \"HTTPie\"","service":"acquisitions-api","timestamp":"2026-06-23T09:14:55.139Z"}
{"level":"info","message":"User registered successfully: sandrasweidd@gmail.com","service":"acquisitions-api","timestamp":"2026-06-23T09:15:20.313Z"}
{"level":"info","message":"::1 - - [23/Jun/2026:09:15:20 +0000] \"POST /api/auth/sign-up HTTP/1.1\" 201 75 \"-\" \"HTTPie\"","service":"acquisitions-api","timestamp":"2026-06-23T09:15:20.315Z"}
{"level":"info","message":"User registered successfully: sandrasweidd@gmail.com","service":"acquisitions-api","timestamp":"2026-06-23T10:52:40.411Z"}
{"level":"info","message":"::1 - - [23/Jun/2026:10:52:40 +0000] \"POST /api/auth/sign-up HTTP/1.1\" 201 108 \"-\" \"HTTPie\"","service":"acquisitions-api","timestamp":"2026-06-23T10:52:40.422Z"}
{"level":"info","message":"User registered successfully: sandrasweidd@gmail.com","service":"acquisitions-api","timestamp":"2026-06-23T10:52:42.755Z"}
{"level":"info","message":"::1 - - [23/Jun/2026:10:52:42 +0000] \"POST /api/auth/sign-up HTTP/1.1\" 201 108 \"-\" \"HTTPie\"","service":"acquisitions-api","timestamp":"2026-06-23T10:52:42.771Z"}
{"level":"error","message":"Signup error:  createUser is not defined","service":"acquisitions-api","stack":"ReferenceError: createUser is not defined\n    at signup (file:///C:/Users/ssweid/WebstormProjects/acquisitions/src/controllers/auth.controller.js:18:23)\n    at Layer.handleRequest (C:\\Users\\ssweid\\WebstormProjects\\acquisitions\\node_modules\\router\\lib\\layer.js:152:17)\n    at next (C:\\Users\\ssweid\\WebstormProjects\\acquisitions\\node_modules\\router\\lib\\route.js:157:13)\n    at Route.dispatch (C:\\Users\\ssweid\\WebstormProjects\\acquisitions\\node_modules\\router\\lib\\route.js:117:3)\n    at handle (C:\\Users\\ssweid\\WebstormProjects\\acquisitions\\node_modules\\router\\index.js:435:11)\n    at Layer.handleRequest (C:\\Users\\ssweid\\WebstormProjects\\acquisitions\\node_modules\\router\\lib\\layer.js:152:17)\n    at C:\\Users\\ssweid\\WebstormProjects\\acquisitions\\node_modules\\router\\index.js:295:15\n    at processParams (C:\\Users\\ssweid\\WebstormProjects\\acquisitions\\node_modules\\router\\index.js:582:12)\n    at next (C:\\Users\\ssweid\\WebstormProjects\\acquisitions\\node_modules\\router\\index.js:291:5)\n    at router.handle (C:\\Users\\ssweid\\WebstormProjects\\acquisitions\\node_modules\\router\\index.js:186:3)","timestamp":"2026-06-24T07:30:15.182Z"}
{"level":"info","message":"::1 - - [24/Jun/2026:07:30:15 +0000] \"POST /api/auth/sign-up HTTP/1.1\" 500 1339 \"-\" \"HTTPie\"","service":"acquisitions-api","timestamp":"2026-06-24T07:30:15.189Z"}
{"level":"error","message":"Signup error:  createUser is not defined","service":"acquisitions-api","stack":"ReferenceError: createUser is not defined\n    at signup (file:///C:/Users/ssweid/WebstormProjects/acquisitions/src/controllers/auth.controller.js:18:23)\n    at Layer.handleRequest (C:\\Users\\ssweid\\WebstormProjects\\acquisitions\\node_modules\\router\\lib\\layer.js:152:17)\n    at next (C:\\Users\\ssweid\\WebstormProjects\\acquisitions\\node_modules\\router\\lib\\route.js:157:13)\n    at Route.dispatch (C:\\Users\\ssweid\\WebstormProjects\\acquisitions\\node_modules\\router\\lib\\route.js:117:3)\n    at handle (C:\\Users\\ssweid\\WebstormProjects\\acquisitions\\node_modules\\router\\index.js:435:11)\n    at Layer.handleRequest (C:\\Users\\ssweid\\WebstormProjects\\acquisitions\\node_modules\\router\\lib\\layer.js:152:17)\n    at C:\\Users\\ssweid\\WebstormProjects\\acquisitions\\node_modules\\router\\index.js:295:15\n    at processParams (C:\\Users\\ssweid\\WebstormProjects\\acquisitions\\node_modules\\router\\index.js:582:12)\n    at next (C:\\Users\\ssweid\\WebstormProjects\\acquisitions\\node_modules\\router\\index.js:291:5)\n    at router.handle (C:\\Users\\ssweid\\WebstormProjects\\acquisitions\\node_modules\\router\\index.js:186:3)","timestamp":"2026-06-24T07:30:19.222Z"}
{"level":"info","message":"::1 - - [24/Jun/2026:07:30:19 +0000] \"POST /api/auth/sign-up HTTP/1.1\" 500 1339 \"-\" \"HTTPie\"","service":"acquisitions-api","timestamp":"2026-06-24T07:30:19.224Z"}
{"level":"info","message":"::1 - - [24/Jun/2026:07:32:13 +0000] \"POST /api/auth/sign-up HTTP/1.1\" 400 92 \"-\" \"HTTPie\"","service":"acquisitions-api","timestamp":"2026-06-24T07:32:13.007Z"}
{"level":"error","message":"Signup error:  createUser is not defined","service":"acquisitions-api","stack":"ReferenceError: createUser is not defined\n    at signup (file:///C:/Users/ssweid/WebstormProjects/acquisitions/src/controllers/auth.controller.js:18:23)\n    at Layer.handleRequest (C:\\Users\\ssweid\\WebstormProjects\\acquisitions\\node_modules\\router\\lib\\layer.js:152:17)\n    at next (C:\\Users\\ssweid\\WebstormProjects\\acquisitions\\node_modules\\router\\lib\\route.js:157:13)\n    at Route.dispatch (C:\\Users\\ssweid\\WebstormProjects\\acquisitions\\node_modules\\router\\lib\\route.js:117:3)\n    at handle (C:\\Users\\ssweid\\WebstormProjects\\acquisitions\\node_modules\\router\\index.js:435:11)\n    at Layer.handleRequest (C:\\Users\\ssweid\\WebstormProjects\\acquisitions\\node_modules\\router\\lib\\layer.js:152:17)\n    at C:\\Users\\ssweid\\WebstormProjects\\acquisitions\\node_modules\\router\\index.js:295:15\n    at processParams (C:\\Users\\ssweid\\WebstormProjects\\acquisitions\\node_modules\\router\\index.js:582:12)\n    at next (C:\\Users\\ssweid\\WebstormProjects\\acquisitions\\node_modules\\router\\index.js:291:5)\n    at router.handle (C:\\Users\\ssweid\\WebstormProjects\\acquisitions\\node_modules\\router\\index.js:186:3)","timestamp":"2026-06-24T07:32:22.399Z"}
{"level":"info","message":"::1 - - [24/Jun/2026:07:32:22 +0000] \"POST /api/auth/sign-up HTTP/1.1\" 500 1339 \"-\" \"HTTPie\"","service":"acquisitions-api","timestamp":"2026-06-24T07:32:22.400Z"}
{"level":"info","message":"::1 - - [24/Jun/2026:07:32:40 +0000] \"POST /api/auth/sign-up HTTP/1.1\" 400 91 \"-\" \"HTTPie\"","service":"acquisitions-api","timestamp":"2026-06-24T07:32:40.293Z"}
{"level":"info","message":"::1 - - [24/Jun/2026:07:32:41 +0000] \"POST /api/auth/sign-up HTTP/1.1\" 400 91 \"-\" \"HTTPie\"","service":"acquisitions-api","timestamp":"2026-06-24T07:32:41.572Z"}
{"level":"error","message":"Signup error:  createUser is not defined","service":"acquisitions-api","stack":"ReferenceError: createUser is not defined\n    at signup (file:///C:/Users/ssweid/WebstormProjects/acquisitions/src/controllers/auth.controller.js:18:23)\n    at Layer.handleRequest (C:\\Users\\ssweid\\WebstormProjects\\acquisitions\\node_modules\\router\\lib\\layer.js:152:17)\n    at next (C:\\Users\\ssweid\\WebstormProjects\\acquisitions\\node_modules\\router\\lib\\route.js:157:13)\n    at Route.dispatch (C:\\Users\\ssweid\\WebstormProjects\\acquisitions\\node_modules\\router\\lib\\route.js:117:3)\n    at handle (C:\\Users\\ssweid\\WebstormProjects\\acquisitions\\node_modules\\router\\index.js:435:11)\n    at Layer.handleRequest (C:\\Users\\ssweid\\WebstormProjects\\acquisitions\\node_modules\\router\\lib\\layer.js:152:17)\n    at C:\\Users\\ssweid\\WebstormProjects\\acquisitions\\node_modules\\router\\index.js:295:15\n    at processParams (C:\\Users\\ssweid\\WebstormProjects\\acquisitions\\node_modules\\router\\index.js:582:12)\n    at next (C:\\Users\\ssweid\\WebstormProjects\\acquisitions\\node_modules\\router\\index.js:291:5)\n    at router.handle (C:\\Users\\ssweid\\WebstormProjects\\acquisitions\\node_modules\\router\\index.js:186:3)","timestamp":"2026-06-24T07:32:49.758Z"}
{"level":"info","message":"::1 - - [24/Jun/2026:07:32:49 +0000] \"POST /api/auth/sign-up HTTP/1.1\" 500 1339 \"-\" \"HTTPie\"","service":"acquisitions-api","timestamp":"2026-06-24T07:32:49.760Z"}
{"level":"error","message":"Signup error:  Cannot read properties of undefined (reading 'id')","service":"acquisitions-api","stack":"TypeError: Cannot read properties of undefined (reading 'id')\n    at signup (file:///C:/Users/ssweid/WebstormProjects/acquisitions/src/controllers/auth.controller.js:23:48)\n    at process.processTicksAndRejections (node:internal/process/task_queues:104:5)","timestamp":"2026-06-24T07:59:44.797Z"}
{"level":"info","message":"::1 - - [24/Jun/2026:07:59:44 +0000] \"POST /api/auth/sign-up HTTP/1.1\" 500 416 \"-\" \"HTTPie\"","service":"acquisitions-api","timestamp":"2026-06-24T07:59:44.806Z"}
{"level":"error","message":"Error hashing the password: Error: User already exists","service":"acquisitions-api","timestamp":"2026-06-24T08:02:44.226Z"}
{"level":"error","message":"Signup error:  User already exists","service":"acquisitions-api","stack":"Error: User already exists\n    at createUser (file:///C:/Users/ssweid/WebstormProjects/acquisitions/src/services/auth.service.js:21:44)\n    at process.processTicksAndRejections (node:internal/process/task_queues:104:5)\n    at async signup (file:///C:/Users/ssweid/WebstormProjects/acquisitions/src/controllers/auth.controller.js:21:22)","timestamp":"2026-06-24T08:02:44.230Z"}
{"level":"info","message":"::1 - - [24/Jun/2026:08:02:44 +0000] \"POST /api/auth/sign-up HTTP/1.1\" 500 501 \"-\" \"HTTPie\"","service":"acquisitions-api","timestamp":"2026-06-24T08:02:44.237Z"}
{"level":"error","message":"Error hashing the password: Error: User already exists","service":"acquisitions-api","timestamp":"2026-06-24T08:02:46.935Z"}
{"level":"error","message":"Signup error:  User already exists","service":"acquisitions-api","stack":"Error: User already exists\n    at createUser (file:///C:/Users/ssweid/WebstormProjects/acquisitions/src/services/auth.service.js:21:44)\n    at process.processTicksAndRejections (node:internal/process/task_queues:104:5)\n    at async signup (file:///C:/Users/ssweid/WebstormProjects/acquisitions/src/controllers/auth.controller.js:21:22)","timestamp":"2026-06-24T08:02:46.936Z"}
{"level":"info","message":"::1 - - [24/Jun/2026:08:02:46 +0000] \"POST /api/auth/sign-up HTTP/1.1\" 500 501 \"-\" \"HTTPie\"","service":"acquisitions-api","timestamp":"2026-06-24T08:02:46.939Z"}
{"level":"error","message":"Failed to authenticate token \"ecpiresIn\" is not allowed in \"options\"","service":"acquisitions-api","stack":"Error: \"ecpiresIn\" is not allowed in \"options\"\n    at C:\\Users\\ssweid\\WebstormProjects\\acquisitions\\node_modules\\jsonwebtoken\\sign.js:51:17\n    at Array.forEach (<anonymous>)\n    at validate (C:\\Users\\ssweid\\WebstormProjects\\acquisitions\\node_modules\\jsonwebtoken\\sign.js:47:6)\n    at validateOptions (C:\\Users\\ssweid\\WebstormProjects\\acquisitions\\node_modules\\jsonwebtoken\\sign.js:62:10)\n    at module.exports [as sign] (C:\\Users\\ssweid\\WebstormProjects\\acquisitions\\node_modules\\jsonwebtoken\\sign.js:171:5)\n    at Object.sign (file:///C:/Users/ssweid/WebstormProjects/acquisitions/src/utils/jwt.js:12:24)\n    at signup (file:///C:/Users/ssweid/WebstormProjects/acquisitions/src/controllers/auth.controller.js:23:32)\n    at process.processTicksAndRejections (node:internal/process/task_queues:104:5)","timestamp":"2026-06-24T08:02:56.265Z"}
{"level":"error","message":"Signup error:  Failed to authentication token","service":"acquisitions-api","stack":"Error: Failed to authentication token\n    at Object.sign (file:///C:/Users/ssweid/WebstormProjects/acquisitions/src/utils/jwt.js:16:19)\n    at signup (file:///C:/Users/ssweid/WebstormProjects/acquisitions/src/controllers/auth.controller.js:23:32)\n    at process.processTicksAndRejections (node:internal/process/task_queues:104:5)","timestamp":"2026-06-24T08:02:56.266Z"}
{"level":"info","message":"::1 - - [24/Jun/2026:08:02:56 +0000] \"POST /api/auth/sign-up HTTP/1.1\" 500 495 \"-\" \"HTTPie\"","service":"acquisitions-api","timestamp":"2026-06-24T08:02:56.267Z"}
{"level":"error","message":"Error hashing the password: Error: User already exists","service":"acquisitions-api","timestamp":"2026-06-24T08:04:27.176Z"}
{"level":"error","message":"Signup error:  User already exists","service":"acquisitions-api","stack":"Error: User already exists\n    at createUser (file:///C:/Users/ssweid/WebstormProjects/acquisitions/src/services/auth.service.js:21:44)\n    at process.processTicksAndRejections (node:internal/process/task_queues:104:5)\n    at async signup (file:///C:/Users/ssweid/WebstormProjects/acquisitions/src/controllers/auth.controller.js:21:22)","timestamp":"2026-06-24T08:04:27.180Z"}
{"level":"info","message":"::1 - - [24/Jun/2026:08:04:27 +0000] \"POST /api/auth/sign-up HTTP/1.1\" 500 501 \"-\" \"HTTPie\"","service":"acquisitions-api","timestamp":"2026-06-24T08:04:27.186Z"}
{"level":"error","message":"Error hashing the password: Error: User already exists","service":"acquisitions-api","timestamp":"2026-06-24T08:04:45.799Z"}
{"level":"error","message":"Signup error:  User already exists","service":"acquisitions-api","stack":"Error: User already exists\n    at createUser (file:///C:/Users/ssweid/WebstormProjects/acquisitions/src/services/auth.service.js:21:44)\n    at process.processTicksAndRejections (node:internal/process/task_queues:104:5)\n    at async signup (file:///C:/Users/ssweid/WebstormProjects/acquisitions/src/controllers/auth.controller.js:21:22)","timestamp":"2026-06-24T08:04:45.800Z"}
{"level":"info","message":"::1 - - [24/Jun/2026:08:04:45 +0000] \"POST /api/auth/sign-up HTTP/1.1\" 500 501 \"-\" \"HTTPie\"","service":"acquisitions-api","timestamp":"2026-06-24T08:04:45.802Z"}
{"level":"error","message":"Signup error:  res.cookies is not a function","service":"acquisitions-api","stack":"TypeError: res.cookies is not a function\n    at Object.set (file:///C:/Users/ssweid/WebstormProjects/acquisitions/src/utils/cookies.js:10:13)\n    at signup (file:///C:/Users/ssweid/WebstormProjects/acquisitions/src/controllers/auth.controller.js:25:17)\n    at process.processTicksAndRejections (node:internal/process/task_queues:104:5)","timestamp":"2026-06-24T08:05:20.609Z"}
{"level":"info","message":"::1 - - [24/Jun/2026:08:05:20 +0000] \"POST /api/auth/sign-up HTTP/1.1\" 500 501 \"-\" \"HTTPie\"","service":"acquisitions-api","timestamp":"2026-06-24T08:05:20.610Z"}
{"level":"error","message":"Error hashing the password: Error: User already exists","service":"acquisitions-api","timestamp":"2026-06-24T08:06:37.771Z"}
{"level":"error","message":"Signup error:  User already exists","service":"acquisitions-api","stack":"Error: User already exists\n    at createUser (file:///C:/Users/ssweid/WebstormProjects/acquisitions/src/services/auth.service.js:21:44)\n    at process.processTicksAndRejections (node:internal/process/task_queues:104:5)\n    at async signup (file:///C:/Users/ssweid/WebstormProjects/acquisitions/src/controllers/auth.controller.js:21:22)","timestamp":"2026-06-24T08:06:37.775Z"}
{"level":"info","message":"::1 - - [24/Jun/2026:08:06:37 +0000] \"POST /api/auth/sign-up HTTP/1.1\" 500 501 \"-\" \"HTTPie\"","service":"acquisitions-api","timestamp":"2026-06-24T08:06:37.782Z"}
{"level":"info","message":"User registered successfully: omarghieh@gmail.com","service":"acquisitions-api","timestamp":"2026-06-24T08:07:36.591Z"}
{"level":"info","message":"::1 - - [24/Jun/2026:08:07:36 +0000] \"POST /api/auth/sign-up HTTP/1.1\" 201 103 \"-\" \"HTTPie\"","service":"acquisitions-api","timestamp":"2026-06-24T08:07:36.601Z"}
{"level":"info","message":"::1 - - [24/Jun/2026:11:43:25 +0000] \"POST /api/auth/sign-in HTTP/1.1\" 200 31 \"-\" \"HTTPie\"","service":"acquisitions-api","timestamp":"2026-06-24T11:43:25.691Z"}
{"level":"info","message":"::1 - - [24/Jun/2026:11:43:42 +0000] \"POST /api/auth/sign-in HTTP/1.1\" 200 31 \"-\" \"HTTPie\"","service":"acquisitions-api","timestamp":"2026-06-24T11:43:42.618Z"}
{"level":"info","message":"::1 - - [24/Jun/2026:11:44:39 +0000] \"POST /api/auth/sign-out HTTP/1.1\" 200 32 \"-\" \"HTTPie\"","service":"acquisitions-api","timestamp":"2026-06-24T11:44:39.808Z"}
{"level":"info","message":"::1 - - [24/Jun/2026:11:44:41 +0000] \"POST /api/auth/sign-out HTTP/1.1\" 200 32 \"-\" \"HTTPie\"","service":"acquisitions-api","timestamp":"2026-06-24T11:44:41.860Z"}
{"level":"info","message":"::1 - - [25/Jun/2026:07:42:23 +0000] \"POST /api/auth/sign-out HTTP/1.1\" 500 91 \"-\" \"HTTPie\"","service":"acquisitions-api","timestamp":"2026-06-25T07:42:23.817Z"}
{"level":"info","message":"::1 - - [25/Jun/2026:07:42:25 +0000] \"POST /api/auth/sign-out HTTP/1.1\" 500 91 \"-\" \"HTTPie\"","service":"acquisitions-api","timestamp":"2026-06-25T07:42:25.828Z"}
{"level":"info","message":"::1 - - [25/Jun/2026:07:44:33 +0000] \"POST /api/auth/sign-out HTTP/1.1\" 500 91 \"-\" \"HTTPie\"","service":"acquisitions-api","timestamp":"2026-06-25T07:44:33.355Z"}
{"level":"info","message":"::1 - - [25/Jun/2026:07:45:16 +0000] \"GET /api/health HTTP/1.1\" 500 91 \"-\" \"HTTPie\"","service":"acquisitions-api","timestamp":"2026-06-25T07:45:16.442Z"}
{"level":"info","message":"::1 - - [25/Jun/2026:07:45:17 +0000] \"GET /api/health HTTP/1.1\" 500 91 \"-\" \"HTTPie\"","service":"acquisitions-api","timestamp":"2026-06-25T07:45:17.883Z"}
{"level":"info","message":"::1 - - [25/Jun/2026:07:45:26 +0000] \"GET /health HTTP/1.1\" 500 91 \"-\" \"HTTPie\"","service":"acquisitions-api","timestamp":"2026-06-25T07:45:26.636Z"}
{"level":"info","message":"::1 - - [25/Jun/2026:07:45:35 +0000] \"GET /health HTTP/1.1\" 500 91 \"-\" \"HTTPie\"","service":"acquisitions-api","timestamp":"2026-06-25T07:45:35.019Z"}
{"level":"info","message":"::1 - - [25/Jun/2026:07:49:22 +0000] \"GET /health HTTP/1.1\" 200 73 \"-\" \"HTTPie\"","service":"acquisitions-api","timestamp":"2026-06-25T07:49:22.058Z"}
{"level":"info","message":"::1 - - [25/Jun/2026:07:49:30 +0000] \"GET /health HTTP/1.1\" 200 74 \"-\" \"HTTPie\"","service":"acquisitions-api","timestamp":"2026-06-25T07:49:30.561Z"}
{"level":"info","message":"::1 - - [25/Jun/2026:07:49:44 +0000] \"GET /health HTTP/1.1\" 200 74 \"-\" \"HTTPie\"","service":"acquisitions-api","timestamp":"2026-06-25T07:49:44.469Z"}
{"level":"info","message":"::1 - - [25/Jun/2026:07:51:03 +0000] \"GET /health HTTP/1.1\" 200 75 \"-\" \"HTTPie\"","service":"acquisitions-api","timestamp":"2026-06-25T07:51:03.016Z"}
{"level":"info","message":"::1 - - [25/Jun/2026:07:51:03 +0000] \"GET /health HTTP/1.1\" 200 75 \"-\" \"HTTPie\"","service":"acquisitions-api","timestamp":"2026-06-25T07:51:03.405Z"}
{"level":"info","message":"::1 - - [25/Jun/2026:07:51:04 +0000] \"GET /health HTTP/1.1\" 200 74 \"-\" \"HTTPie\"","service":"acquisitions-api","timestamp":"2026-06-25T07:51:04.313Z"}
{"level":"info","message":"::1 - - [25/Jun/2026:07:51:04 +0000] \"GET /health HTTP/1.1\" 200 75 \"-\" \"HTTPie\"","service":"acquisitions-api","timestamp":"2026-06-25T07:51:04.658Z"}
{"level":"info","message":"::1 - - [25/Jun/2026:07:51:05 +0000] \"GET /health HTTP/1.1\" 200 74 \"-\" \"HTTPie\"","service":"acquisitions-api","timestamp":"2026-06-25T07:51:05.545Z"}
{"ip":"::1","level":"warn","message":"Rate Limit exceeded","path":"/health","service":"acquisitions-api","timestamp":"2026-06-25T07:51:06.388Z","userAgent":"HTTPie"}
{"level":"info","message":"::1 - - [25/Jun/2026:07:51:06 +0000] \"GET /health HTTP/1.1\" 403 49 \"-\" \"HTTPie\"","service":"acquisitions-api","timestamp":"2026-06-25T07:51:06.390Z"}
{"level":"info","message":"::ffff:127.0.0.1 - - [01/Jul/2026:12:25:21 +0000] \"GET /api HTTP/1.1\" 200 42 \"-\" \"-\"","service":"acquisitions-api","timestamp":"2026-07-01T12:25:21.962Z"}
{"level":"info","message":"::ffff:127.0.0.1 - - [01/Jul/2026:12:25:22 +0000] \"GET /nonexistent HTTP/1.1\" 404 21 \"-\" \"-\"","service":"acquisitions-api","timestamp":"2026-07-01T12:25:22.020Z"}
{"level":"info","message":"::ffff:127.0.0.1 - - [01/Jul/2026:12:26:56 +0000] \"GET /health HTTP/1.1\" 200 73 \"-\" \"-\"","service":"acquisitions-api","timestamp":"2026-07-01T12:26:56.990Z"}
{"level":"info","message":"::ffff:127.0.0.1 - - [01/Jul/2026:12:26:57 +0000] \"GET /api HTTP/1.1\" 200 42 \"-\" \"-\"","service":"acquisitions-api","timestamp":"2026-07-01T12:26:57.070Z"}
{"level":"info","message":"::ffff:127.0.0.1 - - [01/Jul/2026:12:26:57 +0000] \"GET /nonexistent HTTP/1.1\" 404 21 \"-\" \"-\"","service":"acquisitions-api","timestamp":"2026-07-01T12:26:57.116Z"}
